<?xml version="1.0" encoding="UTF-8"?>
<testng-results ignored="0" total="1" passed="1" failed="0" skipped="0">
  <reporter-output>
  </reporter-output>
  <suite started-at="2020-05-29T17:18:17 GMT-04:00" name="Default suite" finished-at="2020-05-29T17:18:48 GMT-04:00" duration-ms="30602">
    <groups>
    </groups>
    <test started-at="2020-05-29T17:18:17 GMT-04:00" name="Default test" finished-at="2020-05-29T17:18:48 GMT-04:00" duration-ms="30602">
      <class name="E2ETestCase.CloudFront">
        <test-method is-config="true" signature="prerequisites()[pri:0, instance:E2ETestCase.CloudFront@23bff419]" started-at="2020-05-29T17:18:17 GMT-04:00" name="prerequisites" finished-at="2020-05-29T17:18:42 GMT-04:00" duration-ms="24799" status="PASS">
          <reporter-output>
          </reporter-output>
        </test-method> <!-- prerequisites -->
        <test-method signature="CloudFront_Distirbution()[pri:0, instance:E2ETestCase.CloudFront@23bff419]" started-at="2020-05-29T17:18:42 GMT-04:00" name="CloudFront_Distirbution" finished-at="2020-05-29T17:18:48 GMT-04:00" duration-ms="5738" status="PASS">
          <reporter-output>
          </reporter-output>
        </test-method> <!-- CloudFront_Distirbution -->
        <test-method is-config="true" signature="teardown()[pri:0, instance:E2ETestCase.CloudFront@23bff419]" started-at="2020-05-29T17:18:48 GMT-04:00" name="teardown" finished-at="2020-05-29T17:18:48 GMT-04:00" duration-ms="0" status="PASS">
          <reporter-output>
          </reporter-output>
        </test-method> <!-- teardown -->
      </class> <!-- E2ETestCase.CloudFront -->
    </test> <!-- Default test -->
  </suite> <!-- Default suite -->
</testng-results>
